<?xml version="1.0" encoding="UTF-8"?>
<testsuite name="com.ll.sbb202311.Sbb202311ApplicationTests" tests="1" skipped="0" failures="0" errors="0" timestamp="2023-11-28T14:25:21" hostname="s-MacBook-Air.local" time="0.367">
  <properties/>
  <testcase name="testJpa()" classname="com.ll.sbb202311.Sbb202311ApplicationTests" time="0.367"/>
  <system-out><![CDATA[23:25:19.435 [Test worker] INFO org.springframework.test.context.support.AnnotationConfigContextLoaderUtils -- Could not detect default configuration classes for test class [com.ll.sbb202311.Sbb202311ApplicationTests]: Sbb202311ApplicationTests does not declare any static, non-private, non-final, nested classes annotated with @Configuration.
23:25:19.481 [Test worker] INFO org.springframework.boot.test.context.SpringBootTestContextBootstrapper -- Found @SpringBootConfiguration com.ll.sbb202311.Sbb202311Application for test class com.ll.sbb202311.Sbb202311ApplicationTests

  .   ____          _            __ _ _
 /\\ / ___'_ __ _ _(_)_ __  __ _ \ \ \ \
( ( )\___ | '_ | '_| | '_ \/ _` | \ \ \ \
 \\/  ___)| |_)| | | | | || (_| |  ) ) ) )
  '  |____| .__|_| |_|_| |_\__, | / / / /
 =========|_|==============|___/=/_/_/_/
 :: Spring Boot ::                (v3.2.0)

2023-11-28T23:25:19.635+09:00  INFO 22082 --- [    Test worker] c.l.sbb202311.Sbb202311ApplicationTests  : Starting Sbb202311ApplicationTests using Java 21.0.1 with PID 22082 (started by gon in /Users/gon/Desktop/study/jump_to_springboot/2023-11-27-SBB)
2023-11-28T23:25:19.636+09:00  INFO 22082 --- [    Test worker] c.l.sbb202311.Sbb202311ApplicationTests  : No active profile set, falling back to 1 default profile: "default"
2023-11-28T23:25:19.882+09:00  INFO 22082 --- [    Test worker] .s.d.r.c.RepositoryConfigurationDelegate : Bootstrapping Spring Data JPA repositories in DEFAULT mode.
2023-11-28T23:25:19.903+09:00  INFO 22082 --- [    Test worker] .s.d.r.c.RepositoryConfigurationDelegate : Finished Spring Data repository scanning in 17 ms. Found 2 JPA repository interfaces.
2023-11-28T23:25:20.089+09:00  INFO 22082 --- [    Test worker] o.hibernate.jpa.internal.util.LogHelper  : HHH000204: Processing PersistenceUnitInfo [name: default]
2023-11-28T23:25:20.109+09:00  INFO 22082 --- [    Test worker] org.hibernate.Version                    : HHH000412: Hibernate ORM core version 6.3.1.Final
2023-11-28T23:25:20.121+09:00  INFO 22082 --- [    Test worker] o.h.c.internal.RegionFactoryInitiator    : HHH000026: Second-level cache disabled
2023-11-28T23:25:20.217+09:00  INFO 22082 --- [    Test worker] o.s.o.j.p.SpringPersistenceUnitInfo      : No LoadTimeWeaver setup: ignoring JPA class transformer
2023-11-28T23:25:20.228+09:00  INFO 22082 --- [    Test worker] com.zaxxer.hikari.HikariDataSource       : HikariPool-1 - Starting...
2023-11-28T23:25:20.332+09:00  INFO 22082 --- [    Test worker] com.zaxxer.hikari.pool.HikariPool        : HikariPool-1 - Added connection conn0: url=jdbc:h2:~/local user=SA
2023-11-28T23:25:20.333+09:00  INFO 22082 --- [    Test worker] com.zaxxer.hikari.HikariDataSource       : HikariPool-1 - Start completed.
2023-11-28T23:25:20.343+09:00  WARN 22082 --- [    Test worker] org.hibernate.orm.deprecation            : HHH90000025: H2Dialect does not need to be specified explicitly using 'hibernate.dialect' (remove the property setting and it will be selected by default)
2023-11-28T23:25:20.709+09:00  INFO 22082 --- [    Test worker] o.h.e.t.j.p.i.JtaPlatformInitiator       : HHH000489: No JTA platform available (set 'hibernate.transaction.jta.platform' to enable JTA platform integration)
2023-11-28T23:25:20.733+09:00  INFO 22082 --- [    Test worker] j.LocalContainerEntityManagerFactoryBean : Initialized JPA EntityManagerFactory for persistence unit 'default'
2023-11-28T23:25:20.801+09:00  WARN 22082 --- [    Test worker] JpaBaseConfiguration$JpaWebConfiguration : spring.jpa.open-in-view is enabled by default. Therefore, database queries may be performed during view rendering. Explicitly configure spring.jpa.open-in-view to disable this warning
2023-11-28T23:25:21.035+09:00  INFO 22082 --- [    Test worker] o.s.b.a.h2.H2ConsoleAutoConfiguration    : H2 console available at '/h2-console'. Database available at 'jdbc:h2:~/local'
2023-11-28T23:25:21.063+09:00  INFO 22082 --- [    Test worker] c.l.sbb202311.Sbb202311ApplicationTests  : Started Sbb202311ApplicationTests in 1.522 seconds (process running for 2.031)
]]></system-out>
  <system-err><![CDATA[WARNING: A Java agent has been loaded dynamically (/Users/gon/.gradle/caches/modules-2/files-2.1/net.bytebuddy/byte-buddy-agent/1.14.10/90ed94ac044ea8953b224304c762316e91fd6b31/byte-buddy-agent-1.14.10.jar)
WARNING: If a serviceability tool is in use, please run with -XX:+EnableDynamicAgentLoading to hide this warning
WARNING: If a serviceability tool is not in use, please run with -Djdk.instrument.traceUsage for more information
WARNING: Dynamic loading of agents will be disallowed by default in a future release
]]></system-err>
</testsuite>
